{"/Users/athenasees/Desktop/chat/chat-client-vite/src/components/MediationBanner.jsx": {"path":"/Users/athenasees/Desktop/chat/chat-client-vite/src/components/MediationBanner.jsx","statementMap":{"0":{"start":{"line":5,"column":44},"end":{"line":5,"column":null}},"1":{"start":{"line":7,"column":2},"end":{"line":7,"column":null}},"2":{"start":{"line":7,"column":23},"end":{"line":7,"column":null}},"3":{"start":{"line":9,"column":2},"end":{"line":57,"column":null}},"4":{"start":{"line":39,"column":27},"end":{"line":39,"column":null}},"5":{"start":{"line":47,"column":14},"end":{"line":49,"column":null}}},"fnMap":{"0":{"name":"MediationBanner","decl":{"start":{"line":4,"column":24},"end":{"line":4,"column":42}},"loc":{"start":{"line":4,"column":42},"end":{"line":59,"column":null}},"line":4},"1":{"name":"(anonymous_1)","decl":{"start":{"line":39,"column":21},"end":{"line":39,"column":27}},"loc":{"start":{"line":39,"column":27},"end":{"line":39,"column":null}},"line":39},"2":{"name":"(anonymous_2)","decl":{"start":{"line":45,"column":21},"end":{"line":45,"column":27}},"loc":{"start":{"line":45,"column":27},"end":{"line":50,"column":null}},"line":45}},"branchMap":{"0":{"loc":{"start":{"line":7,"column":2},"end":{"line":7,"column":null}},"type":"if","locations":[{"start":{"line":7,"column":2},"end":{"line":7,"column":null}},{"start":{},"end":{}}],"line":7}},"s":{"0":3,"1":3,"2":1,"3":2,"4":1,"5":0},"f":{"0":3,"1":1,"2":0},"b":{"0":[1,2]},"meta":{"lastBranch":1,"lastFunction":3,"lastStatement":6,"seen":{"f:4:24:4:42":0,"s:5:44:5:Infinity":0,"b:7:2:7:Infinity:undefined:undefined:undefined:undefined":0,"s:7:2:7:Infinity":1,"s:7:23:7:Infinity":2,"s:9:2:57:Infinity":3,"f:39:21:39:27":1,"s:39:27:39:Infinity":4,"f:45:21:45:27":2,"s:47:14:49:Infinity":5}}}
,"/Users/athenasees/Desktop/chat/chat-client-vite/src/utils/mediatorLogic.js": {"path":"/Users/athenasees/Desktop/chat/chat-client-vite/src/utils/mediatorLogic.js","statementMap":{"0":{"start":{"line":2,"column":2},"end":{"line":2,"column":null}},"1":{"start":{"line":2,"column":33},"end":{"line":2,"column":null}},"2":{"start":{"line":3,"column":15},"end":{"line":3,"column":41}},"3":{"start":{"line":6,"column":19},"end":{"line":16,"column":3}},"4":{"start":{"line":20,"column":2},"end":{"line":22,"column":null}},"5":{"start":{"line":20,"column":25},"end":{"line":20,"column":41}},"6":{"start":{"line":21,"column":4},"end":{"line":21,"column":null}},"7":{"start":{"line":27,"column":2},"end":{"line":46,"column":null}},"8":{"start":{"line":49,"column":2},"end":{"line":51,"column":null}},"9":{"start":{"line":50,"column":4},"end":{"line":50,"column":null}},"10":{"start":{"line":53,"column":2},"end":{"line":53,"column":null}}},"fnMap":{"0":{"name":"shouldMediate","decl":{"start":{"line":1,"column":16},"end":{"line":1,"column":29}},"loc":{"start":{"line":1,"column":52},"end":{"line":54,"column":null}},"line":1},"1":{"name":"(anonymous_1)","decl":{"start":{"line":20,"column":20},"end":{"line":20,"column":21}},"loc":{"start":{"line":20,"column":25},"end":{"line":20,"column":41}},"line":20}},"branchMap":{"0":{"loc":{"start":{"line":2,"column":2},"end":{"line":2,"column":null}},"type":"if","locations":[{"start":{"line":2,"column":2},"end":{"line":2,"column":null}},{"start":{},"end":{}}],"line":2},"1":{"loc":{"start":{"line":2,"column":6},"end":{"line":2,"column":31}},"type":"binary-expr","locations":[{"start":{"line":2,"column":6},"end":{"line":2,"column":14}},{"start":{"line":2,"column":18},"end":{"line":2,"column":31}}],"line":2},"2":{"loc":{"start":{"line":20,"column":2},"end":{"line":22,"column":null}},"type":"if","locations":[{"start":{"line":20,"column":2},"end":{"line":22,"column":null}},{"start":{},"end":{}}],"line":20},"3":{"loc":{"start":{"line":20,"column":6},"end":{"line":20,"column":67}},"type":"binary-expr","locations":[{"start":{"line":20,"column":6},"end":{"line":20,"column":42}},{"start":{"line":20,"column":46},"end":{"line":20,"column":67}}],"line":20},"4":{"loc":{"start":{"line":27,"column":2},"end":{"line":46,"column":null}},"type":"if","locations":[{"start":{"line":27,"column":2},"end":{"line":46,"column":null}},{"start":{},"end":{}}],"line":27},"5":{"loc":{"start":{"line":27,"column":6},"end":{"line":27,"column":61}},"type":"binary-expr","locations":[{"start":{"line":27,"column":6},"end":{"line":27,"column":26}},{"start":{"line":27,"column":30},"end":{"line":27,"column":61}}],"line":27},"6":{"loc":{"start":{"line":49,"column":2},"end":{"line":51,"column":null}},"type":"if","locations":[{"start":{"line":49,"column":2},"end":{"line":51,"column":null}},{"start":{},"end":{}}],"line":49},"7":{"loc":{"start":{"line":49,"column":6},"end":{"line":49,"column":87}},"type":"binary-expr","locations":[{"start":{"line":49,"column":6},"end":{"line":49,"column":23}},{"start":{"line":49,"column":27},"end":{"line":49,"column":87}}],"line":49},"8":{"loc":{"start":{"line":49,"column":29},"end":{"line":49,"column":86}},"type":"binary-expr","locations":[{"start":{"line":49,"column":29},"end":{"line":49,"column":52}},{"start":{"line":49,"column":56},"end":{"line":49,"column":86}}],"line":49}},"s":{"0":8,"1":3,"2":5,"3":5,"4":5,"5":35,"6":1,"7":4,"8":4,"9":1,"10":3},"f":{"0":8,"1":35},"b":{"0":[3,5],"1":[8,7],"2":[1,4],"3":[5,2],"4":[0,4],"5":[4,4],"6":[1,3],"7":[4,2],"8":[2,1]},"meta":{"lastBranch":9,"lastFunction":2,"lastStatement":11,"seen":{"f:1:16:1:29":0,"b:2:2:2:Infinity:undefined:undefined:undefined:undefined":0,"s:2:2:2:Infinity":0,"b:2:6:2:14:2:18:2:31":1,"s:2:33:2:Infinity":1,"s:3:15:3:41":2,"s:6:19:16:3":3,"b:20:2:22:Infinity:undefined:undefined:undefined:undefined":2,"s:20:2:22:Infinity":4,"b:20:6:20:42:20:46:20:67":3,"f:20:20:20:21":1,"s:20:25:20:41":5,"s:21:4:21:Infinity":6,"b:27:2:46:Infinity:undefined:undefined:undefined:undefined":4,"s:27:2:46:Infinity":7,"b:27:6:27:26:27:30:27:61":5,"b:49:2:51:Infinity:undefined:undefined:undefined:undefined":6,"s:49:2:51:Infinity":8,"b:49:6:49:23:49:27:49:87":7,"b:49:29:49:52:49:56:49:86":8,"s:50:4:50:Infinity":9,"s:53:2:53:Infinity":10}}}
}
