{"/Users/athenasees/Desktop/chat/chat-server/src/core/core/client.js": {"path":"/Users/athenasees/Desktop/chat/chat-server/src/core/core/client.js","statementMap":{"0":{"start":{"line":8,"column":15},"end":{"line":8,"column":32}},"1":{"start":{"line":11,"column":21},"end":{"line":11,"column":25}},"2":{"start":{"line":13,"column":29},"end":{"line":13,"column":77}},"3":{"start":{"line":16,"column":23},"end":{"line":21,"column":1}},"4":{"start":{"line":28,"column":2},"end":{"line":44,"column":3}},"5":{"start":{"line":29,"column":19},"end":{"line":29,"column":51}},"6":{"start":{"line":31,"column":4},"end":{"line":34,"column":5}},"7":{"start":{"line":32,"column":6},"end":{"line":32,"column":87}},"8":{"start":{"line":33,"column":6},"end":{"line":33,"column":18}},"9":{"start":{"line":36,"column":19},"end":{"line":36,"column":67}},"10":{"start":{"line":37,"column":4},"end":{"line":41,"column":7}},"11":{"start":{"line":43,"column":4},"end":{"line":43,"column":47}},"12":{"start":{"line":46,"column":2},"end":{"line":46,"column":24}},"13":{"start":{"line":54,"column":17},"end":{"line":54,"column":49}},"14":{"start":{"line":55,"column":2},"end":{"line":55,"column":40}},"15":{"start":{"line":63,"column":14},"end":{"line":63,"column":24}},"16":{"start":{"line":66,"column":2},"end":{"line":69,"column":3}},"17":{"start":{"line":67,"column":4},"end":{"line":67,"column":36}},"18":{"start":{"line":68,"column":4},"end":{"line":68,"column":37}},"19":{"start":{"line":72,"column":2},"end":{"line":75,"column":3}},"20":{"start":{"line":73,"column":4},"end":{"line":73,"column":68}},"21":{"start":{"line":74,"column":4},"end":{"line":74,"column":17}},"22":{"start":{"line":77,"column":2},"end":{"line":77,"column":32}},"23":{"start":{"line":78,"column":2},"end":{"line":78,"column":14}},"24":{"start":{"line":87,"column":17},"end":{"line":87,"column":28}},"25":{"start":{"line":89,"column":2},"end":{"line":91,"column":3}},"26":{"start":{"line":90,"column":4},"end":{"line":90,"column":52}},"27":{"start":{"line":94,"column":2},"end":{"line":96,"column":3}},"28":{"start":{"line":95,"column":4},"end":{"line":95,"column":67}},"29":{"start":{"line":98,"column":2},"end":{"line":121,"column":3}},"30":{"start":{"line":99,"column":22},"end":{"line":99,"column":32}},"31":{"start":{"line":100,"column":21},"end":{"line":100,"column":65}},"32":{"start":{"line":101,"column":21},"end":{"line":101,"column":43}},"33":{"start":{"line":103,"column":4},"end":{"line":105,"column":6}},"34":{"start":{"line":107,"column":4},"end":{"line":107,"column":20}},"35":{"start":{"line":109,"column":4},"end":{"line":109,"column":56}},"36":{"start":{"line":112,"column":4},"end":{"line":120,"column":5}},"37":{"start":{"line":113,"column":6},"end":{"line":113,"column":76}},"38":{"start":{"line":114,"column":11},"end":{"line":120,"column":5}},"39":{"start":{"line":115,"column":6},"end":{"line":115,"column":51}},"40":{"start":{"line":116,"column":11},"end":{"line":120,"column":5}},"41":{"start":{"line":117,"column":6},"end":{"line":117,"column":64}},"42":{"start":{"line":119,"column":6},"end":{"line":119,"column":18}},"43":{"start":{"line":129,"column":2},"end":{"line":137,"column":4}},"44":{"start":{"line":140,"column":0},"end":{"line":145,"column":2}}},"fnMap":{"0":{"name":"getClient","decl":{"start":{"line":27,"column":9},"end":{"line":27,"column":18}},"loc":{"start":{"line":27,"column":21},"end":{"line":47,"column":1}},"line":27},"1":{"name":"isConfigured","decl":{"start":{"line":53,"column":9},"end":{"line":53,"column":21}},"loc":{"start":{"line":53,"column":24},"end":{"line":56,"column":1}},"line":53},"2":{"name":"checkRateLimit","decl":{"start":{"line":62,"column":9},"end":{"line":62,"column":23}},"loc":{"start":{"line":62,"column":26},"end":{"line":79,"column":1}},"line":62},"3":{"name":"createChatCompletion","decl":{"start":{"line":86,"column":15},"end":{"line":86,"column":35}},"loc":{"start":{"line":86,"column":44},"end":{"line":122,"column":1}},"line":86},"4":{"name":"getRateLimitStats","decl":{"start":{"line":128,"column":9},"end":{"line":128,"column":26}},"loc":{"start":{"line":128,"column":29},"end":{"line":138,"column":1}},"line":128}},"branchMap":{"0":{"loc":{"start":{"line":28,"column":2},"end":{"line":44,"column":3}},"type":"if","locations":[{"start":{"line":28,"column":2},"end":{"line":44,"column":3}},{"start":{},"end":{}}],"line":28},"1":{"loc":{"start":{"line":29,"column":19},"end":{"line":29,"column":51}},"type":"binary-expr","locations":[{"start":{"line":29,"column":19},"end":{"line":29,"column":45}},{"start":{"line":29,"column":49},"end":{"line":29,"column":51}}],"line":29},"2":{"loc":{"start":{"line":31,"column":4},"end":{"line":34,"column":5}},"type":"if","locations":[{"start":{"line":31,"column":4},"end":{"line":34,"column":5}},{"start":{},"end":{}}],"line":31},"3":{"loc":{"start":{"line":31,"column":8},"end":{"line":31,"column":39}},"type":"binary-expr","locations":[{"start":{"line":31,"column":8},"end":{"line":31,"column":15}},{"start":{"line":31,"column":19},"end":{"line":31,"column":39}}],"line":31},"4":{"loc":{"start":{"line":54,"column":17},"end":{"line":54,"column":49}},"type":"binary-expr","locations":[{"start":{"line":54,"column":17},"end":{"line":54,"column":43}},{"start":{"line":54,"column":47},"end":{"line":54,"column":49}}],"line":54},"5":{"loc":{"start":{"line":55,"column":9},"end":{"line":55,"column":39}},"type":"binary-expr","locations":[{"start":{"line":55,"column":9},"end":{"line":55,"column":15}},{"start":{"line":55,"column":19},"end":{"line":55,"column":39}}],"line":55},"6":{"loc":{"start":{"line":66,"column":2},"end":{"line":69,"column":3}},"type":"if","locations":[{"start":{"line":66,"column":2},"end":{"line":69,"column":3}},{"start":{},"end":{}}],"line":66},"7":{"loc":{"start":{"line":72,"column":2},"end":{"line":75,"column":3}},"type":"if","locations":[{"start":{"line":72,"column":2},"end":{"line":75,"column":3}},{"start":{},"end":{}}],"line":72},"8":{"loc":{"start":{"line":89,"column":2},"end":{"line":91,"column":3}},"type":"if","locations":[{"start":{"line":89,"column":2},"end":{"line":91,"column":3}},{"start":{},"end":{}}],"line":89},"9":{"loc":{"start":{"line":94,"column":2},"end":{"line":96,"column":3}},"type":"if","locations":[{"start":{"line":94,"column":2},"end":{"line":96,"column":3}},{"start":{},"end":{}}],"line":94},"10":{"loc":{"start":{"line":104,"column":86},"end":{"line":104,"column":127}},"type":"binary-expr","locations":[{"start":{"line":104,"column":86},"end":{"line":104,"column":114}},{"start":{"line":104,"column":118},"end":{"line":104,"column":127}}],"line":104},"11":{"loc":{"start":{"line":112,"column":4},"end":{"line":120,"column":5}},"type":"if","locations":[{"start":{"line":112,"column":4},"end":{"line":120,"column":5}},{"start":{"line":114,"column":11},"end":{"line":120,"column":5}}],"line":112},"12":{"loc":{"start":{"line":114,"column":11},"end":{"line":120,"column":5}},"type":"if","locations":[{"start":{"line":114,"column":11},"end":{"line":120,"column":5}},{"start":{"line":116,"column":11},"end":{"line":120,"column":5}}],"line":114},"13":{"loc":{"start":{"line":116,"column":11},"end":{"line":120,"column":5}},"type":"if","locations":[{"start":{"line":116,"column":11},"end":{"line":120,"column":5}},{"start":{"line":118,"column":11},"end":{"line":120,"column":5}}],"line":116}},"s":{"0":52,"1":52,"2":52,"3":52,"4":105,"5":34,"6":34,"7":1,"8":1,"9":33,"10":33,"11":33,"12":104,"13":9,"14":9,"15":100,"16":100,"17":1,"18":1,"19":100,"20":1,"21":1,"22":99,"23":99,"24":101,"25":101,"26":1,"27":100,"28":1,"29":99,"30":99,"31":99,"32":84,"33":84,"34":84,"35":15,"36":15,"37":2,"38":13,"39":2,"40":11,"41":4,"42":7,"43":9,"44":52},"f":{"0":105,"1":9,"2":100,"3":101,"4":9},"b":{"0":[34,71],"1":[34,1],"2":[1,33],"3":[34,33],"4":[9,5],"5":[9,4],"6":[1,99],"7":[1,99],"8":[1,100],"9":[1,99],"10":[84,5],"11":[2,13],"12":[2,11],"13":[4,7]},"_coverageSchema":"1a1c01bbd47fc00a2c39e90264f33305004495a9","hash":"7749cfe3e19cfd36d1fc4d609998562be898bcc4"}
,"/Users/athenasees/Desktop/chat/chat-server/src/core/core/mediator.js": {"path":"/Users/athenasees/Desktop/chat/chat-server/src/core/core/mediator.js","statementMap":{"0":{"start":{"line":30,"column":21},"end":{"line":30,"column":40}},"1":{"start":{"line":31,"column":20},"end":{"line":31,"column":53}},"2":{"start":{"line":32,"column":26},"end":{"line":32,"column":72}},"3":{"start":{"line":33,"column":15},"end":{"line":33,"column":63}},"4":{"start":{"line":34,"column":21},"end":{"line":34,"column":46}},"5":{"start":{"line":37,"column":13},"end":{"line":37,"column":39}},"6":{"start":{"line":38,"column":21},"end":{"line":38,"column":46}},"7":{"start":{"line":39,"column":19},"end":{"line":39,"column":42}},"8":{"start":{"line":40,"column":23},"end":{"line":40,"column":50}},"9":{"start":{"line":41,"column":22},"end":{"line":41,"column":48}},"10":{"start":{"line":42,"column":26},"end":{"line":42,"column":56}},"11":{"start":{"line":43,"column":18},"end":{"line":43,"column":40}},"12":{"start":{"line":44,"column":45},"end":{"line":44,"column":72}},"13":{"start":{"line":51,"column":2},"end":{"line":61,"column":4}},"14":{"start":{"line":72,"column":4},"end":{"line":72,"column":82}},"15":{"start":{"line":108,"column":19},"end":{"line":114,"column":6}},"16":{"start":{"line":117,"column":4},"end":{"line":120,"column":5}},"17":{"start":{"line":118,"column":6},"end":{"line":118,"column":92}},"18":{"start":{"line":119,"column":6},"end":{"line":119,"column":18}},"19":{"start":{"line":123,"column":21},"end":{"line":123,"column":62}},"20":{"start":{"line":125,"column":6},"end":{"line":125,"column":100}},"21":{"start":{"line":125,"column":64},"end":{"line":125,"column":86}},"22":{"start":{"line":126,"column":17},"end":{"line":126,"column":78}},"23":{"start":{"line":127,"column":25},"end":{"line":127,"column":47}},"24":{"start":{"line":129,"column":4},"end":{"line":132,"column":5}},"25":{"start":{"line":130,"column":6},"end":{"line":130,"column":70}},"26":{"start":{"line":131,"column":6},"end":{"line":131,"column":26}},"27":{"start":{"line":135,"column":28},"end":{"line":135,"column":66}},"28":{"start":{"line":136,"column":4},"end":{"line":141,"column":5}},"29":{"start":{"line":137,"column":6},"end":{"line":139,"column":8}},"30":{"start":{"line":140,"column":6},"end":{"line":140,"column":18}},"31":{"start":{"line":144,"column":26},"end":{"line":144,"column":30}},"32":{"start":{"line":145,"column":24},"end":{"line":145,"column":28}},"33":{"start":{"line":146,"column":33},"end":{"line":146,"column":35}},"34":{"start":{"line":148,"column":4},"end":{"line":183,"column":5}},"35":{"start":{"line":149,"column":25},"end":{"line":149,"column":98}},"36":{"start":{"line":149,"column":54},"end":{"line":149,"column":80}},"37":{"start":{"line":149,"column":91},"end":{"line":149,"column":97}},"38":{"start":{"line":151,"column":6},"end":{"line":160,"column":8}},"39":{"start":{"line":153,"column":10},"end":{"line":157,"column":12}},"40":{"start":{"line":162,"column":6},"end":{"line":182,"column":7}},"41":{"start":{"line":163,"column":8},"end":{"line":163,"column":47}},"42":{"start":{"line":165,"column":8},"end":{"line":181,"column":9}},"43":{"start":{"line":166,"column":10},"end":{"line":166,"column":92}},"44":{"start":{"line":167,"column":10},"end":{"line":169,"column":12}},"45":{"start":{"line":168,"column":79},"end":{"line":168,"column":83}},"46":{"start":{"line":172,"column":10},"end":{"line":177,"column":11}},"47":{"start":{"line":173,"column":12},"end":{"line":175,"column":14}},"48":{"start":{"line":176,"column":12},"end":{"line":176,"column":24}},"49":{"start":{"line":179,"column":10},"end":{"line":180,"column":81}},"50":{"start":{"line":185,"column":4},"end":{"line":320,"column":5}},"51":{"start":{"line":186,"column":6},"end":{"line":186,"column":78}},"52":{"start":{"line":189,"column":29},"end":{"line":189,"column":33}},"53":{"start":{"line":190,"column":6},"end":{"line":195,"column":7}},"54":{"start":{"line":191,"column":27},"end":{"line":191,"column":100}},"55":{"start":{"line":191,"column":56},"end":{"line":191,"column":82}},"56":{"start":{"line":191,"column":93},"end":{"line":191,"column":99}},"57":{"start":{"line":193,"column":8},"end":{"line":193,"column":87}},"58":{"start":{"line":194,"column":8},"end":{"line":194,"column":93}},"59":{"start":{"line":198,"column":23},"end":{"line":198,"column":70}},"60":{"start":{"line":199,"column":6},"end":{"line":199,"column":85}},"61":{"start":{"line":200,"column":6},"end":{"line":200,"column":78}},"62":{"start":{"line":201,"column":26},"end":{"line":201,"column":94}},"63":{"start":{"line":204,"column":23},"end":{"line":214,"column":8}},"64":{"start":{"line":217,"column":23},"end":{"line":220,"column":7}},"65":{"start":{"line":221,"column":29},"end":{"line":221,"column":76}},"66":{"start":{"line":224,"column":30},"end":{"line":224,"column":98}},"67":{"start":{"line":225,"column":35},"end":{"line":225,"column":92}},"68":{"start":{"line":226,"column":34},"end":{"line":226,"column":62}},"69":{"start":{"line":229,"column":21},"end":{"line":249,"column":8}},"70":{"start":{"line":252,"column":25},"end":{"line":260,"column":8}},"71":{"start":{"line":262,"column":27},"end":{"line":262,"column":71}},"72":{"start":{"line":263,"column":6},"end":{"line":263,"column":63}},"73":{"start":{"line":266,"column":21},"end":{"line":276,"column":8}},"74":{"start":{"line":279,"column":6},"end":{"line":291,"column":7}},"75":{"start":{"line":280,"column":23},"end":{"line":280,"column":47}},"76":{"start":{"line":281,"column":8},"end":{"line":288,"column":9}},"77":{"start":{"line":282,"column":10},"end":{"line":287,"column":12}},"78":{"start":{"line":294,"column":6},"end":{"line":296,"column":7}},"79":{"start":{"line":295,"column":8},"end":{"line":295,"column":73}},"80":{"start":{"line":299,"column":6},"end":{"line":299,"column":37}},"81":{"start":{"line":301,"column":6},"end":{"line":301,"column":20}},"82":{"start":{"line":304,"column":27},"end":{"line":310,"column":7}},"83":{"start":{"line":312,"column":23},"end":{"line":312,"column":71}},"84":{"start":{"line":314,"column":6},"end":{"line":316,"column":7}},"85":{"start":{"line":315,"column":8},"end":{"line":315,"column":29}},"86":{"start":{"line":319,"column":6},"end":{"line":319,"column":18}},"87":{"start":{"line":327,"column":4},"end":{"line":331,"column":7}},"88":{"start":{"line":333,"column":4},"end":{"line":335,"column":5}},"89":{"start":{"line":334,"column":6},"end":{"line":334,"column":54}},"90":{"start":{"line":342,"column":4},"end":{"line":345,"column":6}},"91":{"start":{"line":352,"column":4},"end":{"line":352,"column":87}},"92":{"start":{"line":363,"column":4},"end":{"line":365,"column":5}},"93":{"start":{"line":364,"column":6},"end":{"line":364,"column":19}},"94":{"start":{"line":367,"column":4},"end":{"line":392,"column":5}},"95":{"start":{"line":368,"column":25},"end":{"line":368,"column":55}},"96":{"start":{"line":370,"column":6},"end":{"line":370,"column":95}},"97":{"start":{"line":372,"column":6},"end":{"line":385,"column":7}},"98":{"start":{"line":373,"column":8},"end":{"line":384,"column":10}},"99":{"start":{"line":387,"column":6},"end":{"line":387,"column":78}},"100":{"start":{"line":388,"column":6},"end":{"line":388,"column":18}},"101":{"start":{"line":390,"column":6},"end":{"line":390,"column":86}},"102":{"start":{"line":391,"column":6},"end":{"line":391,"column":19}},"103":{"start":{"line":399,"column":4},"end":{"line":404,"column":6}},"104":{"start":{"line":414,"column":24},"end":{"line":414,"column":40}},"105":{"start":{"line":417,"column":0},"end":{"line":432,"column":2}},"106":{"start":{"line":422,"column":31},"end":{"line":422,"column":70}},"107":{"start":{"line":423,"column":30},"end":{"line":423,"column":68}},"108":{"start":{"line":424,"column":27},"end":{"line":424,"column":62}},"109":{"start":{"line":425,"column":43},"end":{"line":425,"column":94}},"110":{"start":{"line":426,"column":38},"end":{"line":426,"column":84}},"111":{"start":{"line":427,"column":44},"end":{"line":427,"column":96}}},"fnMap":{"0":{"name":"createConversationContext","decl":{"start":{"line":50,"column":9},"end":{"line":50,"column":34}},"loc":{"start":{"line":50,"column":37},"end":{"line":62,"column":1}},"line":50},"1":{"name":"(anonymous_1)","decl":{"start":{"line":70,"column":2},"end":{"line":70,"column":3}},"loc":{"start":{"line":70,"column":42},"end":{"line":73,"column":3}},"line":70},"2":{"name":"(anonymous_2)","decl":{"start":{"line":97,"column":2},"end":{"line":97,"column":3}},"loc":{"start":{"line":107,"column":4},"end":{"line":321,"column":3}},"line":107},"3":{"name":"(anonymous_3)","decl":{"start":{"line":125,"column":59},"end":{"line":125,"column":60}},"loc":{"start":{"line":125,"column":64},"end":{"line":125,"column":86}},"line":125},"4":{"name":"(anonymous_4)","decl":{"start":{"line":149,"column":49},"end":{"line":149,"column":50}},"loc":{"start":{"line":149,"column":54},"end":{"line":149,"column":80}},"line":149},"5":{"name":"(anonymous_5)","decl":{"start":{"line":149,"column":86},"end":{"line":149,"column":87}},"loc":{"start":{"line":149,"column":91},"end":{"line":149,"column":97}},"line":149},"6":{"name":"(anonymous_6)","decl":{"start":{"line":152,"column":8},"end":{"line":152,"column":9}},"loc":{"start":{"line":153,"column":10},"end":{"line":157,"column":12}},"line":153},"7":{"name":"(anonymous_7)","decl":{"start":{"line":168,"column":74},"end":{"line":168,"column":75}},"loc":{"start":{"line":168,"column":79},"end":{"line":168,"column":83}},"line":168},"8":{"name":"(anonymous_8)","decl":{"start":{"line":191,"column":51},"end":{"line":191,"column":52}},"loc":{"start":{"line":191,"column":56},"end":{"line":191,"column":82}},"line":191},"9":{"name":"(anonymous_9)","decl":{"start":{"line":191,"column":88},"end":{"line":191,"column":89}},"loc":{"start":{"line":191,"column":93},"end":{"line":191,"column":99}},"line":191},"10":{"name":"(anonymous_10)","decl":{"start":{"line":326,"column":2},"end":{"line":326,"column":3}},"loc":{"start":{"line":326,"column":25},"end":{"line":336,"column":3}},"line":326},"11":{"name":"(anonymous_11)","decl":{"start":{"line":341,"column":2},"end":{"line":341,"column":3}},"loc":{"start":{"line":341,"column":15},"end":{"line":346,"column":3}},"line":341},"12":{"name":"(anonymous_12)","decl":{"start":{"line":351,"column":2},"end":{"line":351,"column":3}},"loc":{"start":{"line":351,"column":46},"end":{"line":353,"column":3}},"line":351},"13":{"name":"(anonymous_13)","decl":{"start":{"line":362,"column":2},"end":{"line":362,"column":3}},"loc":{"start":{"line":362,"column":53},"end":{"line":393,"column":3}},"line":362},"14":{"name":"(anonymous_14)","decl":{"start":{"line":398,"column":2},"end":{"line":398,"column":3}},"loc":{"start":{"line":398,"column":67},"end":{"line":405,"column":3}},"line":398},"15":{"name":"(anonymous_15)","decl":{"start":{"line":422,"column":18},"end":{"line":422,"column":19}},"loc":{"start":{"line":422,"column":31},"end":{"line":422,"column":70}},"line":422},"16":{"name":"(anonymous_16)","decl":{"start":{"line":423,"column":17},"end":{"line":423,"column":18}},"loc":{"start":{"line":423,"column":30},"end":{"line":423,"column":68}},"line":423},"17":{"name":"(anonymous_17)","decl":{"start":{"line":424,"column":14},"end":{"line":424,"column":15}},"loc":{"start":{"line":424,"column":27},"end":{"line":424,"column":62}},"line":424},"18":{"name":"(anonymous_18)","decl":{"start":{"line":425,"column":30},"end":{"line":425,"column":31}},"loc":{"start":{"line":425,"column":43},"end":{"line":425,"column":94}},"line":425},"19":{"name":"(anonymous_19)","decl":{"start":{"line":426,"column":25},"end":{"line":426,"column":26}},"loc":{"start":{"line":426,"column":38},"end":{"line":426,"column":84}},"line":426},"20":{"name":"(anonymous_20)","decl":{"start":{"line":427,"column":31},"end":{"line":427,"column":32}},"loc":{"start":{"line":427,"column":44},"end":{"line":427,"column":96}},"line":427}},"branchMap":{"0":{"loc":{"start":{"line":70,"column":14},"end":{"line":70,"column":40}},"type":"default-arg","locations":[{"start":{"line":70,"column":36},"end":{"line":70,"column":40}}],"line":70},"1":{"loc":{"start":{"line":72,"column":31},"end":{"line":72,"column":81}},"type":"binary-expr","locations":[{"start":{"line":72,"column":31},"end":{"line":72,"column":50}},{"start":{"line":72,"column":54},"end":{"line":72,"column":81}}],"line":72},"2":{"loc":{"start":{"line":100,"column":4},"end":{"line":100,"column":29}},"type":"default-arg","locations":[{"start":{"line":100,"column":27},"end":{"line":100,"column":29}}],"line":100},"3":{"loc":{"start":{"line":101,"column":4},"end":{"line":101,"column":25}},"type":"default-arg","locations":[{"start":{"line":101,"column":23},"end":{"line":101,"column":25}}],"line":101},"4":{"loc":{"start":{"line":102,"column":4},"end":{"line":102,"column":30}},"type":"default-arg","locations":[{"start":{"line":102,"column":26},"end":{"line":102,"column":30}}],"line":102},"5":{"loc":{"start":{"line":103,"column":4},"end":{"line":103,"column":17}},"type":"default-arg","locations":[{"start":{"line":103,"column":13},"end":{"line":103,"column":17}}],"line":103},"6":{"loc":{"start":{"line":104,"column":4},"end":{"line":104,"column":27}},"type":"default-arg","locations":[{"start":{"line":104,"column":23},"end":{"line":104,"column":27}}],"line":104},"7":{"loc":{"start":{"line":105,"column":4},"end":{"line":105,"column":33}},"type":"default-arg","locations":[{"start":{"line":105,"column":29},"end":{"line":105,"column":33}}],"line":105},"8":{"loc":{"start":{"line":106,"column":4},"end":{"line":106,"column":22}},"type":"default-arg","locations":[{"start":{"line":106,"column":18},"end":{"line":106,"column":22}}],"line":106},"9":{"loc":{"start":{"line":111,"column":17},"end":{"line":111,"column":65}},"type":"cond-expr","locations":[{"start":{"line":111,"column":47},"end":{"line":111,"column":51}},{"start":{"line":111,"column":54},"end":{"line":111,"column":65}}],"line":111},"10":{"loc":{"start":{"line":112,"column":16},"end":{"line":112,"column":70}},"type":"cond-expr","locations":[{"start":{"line":112,"column":46},"end":{"line":112,"column":50}},{"start":{"line":112,"column":53},"end":{"line":112,"column":70}}],"line":112},"11":{"loc":{"start":{"line":113,"column":21},"end":{"line":113,"column":89}},"type":"cond-expr","locations":[{"start":{"line":113,"column":51},"end":{"line":113,"column":65}},{"start":{"line":113,"column":68},"end":{"line":113,"column":89}}],"line":113},"12":{"loc":{"start":{"line":117,"column":4},"end":{"line":120,"column":5}},"type":"if","locations":[{"start":{"line":117,"column":4},"end":{"line":120,"column":5}},{"start":{},"end":{}}],"line":117},"13":{"loc":{"start":{"line":123,"column":21},"end":{"line":123,"column":62}},"type":"binary-expr","locations":[{"start":{"line":123,"column":21},"end":{"line":123,"column":42}},{"start":{"line":123,"column":46},"end":{"line":123,"column":62}}],"line":123},"14":{"loc":{"start":{"line":125,"column":6},"end":{"line":125,"column":100}},"type":"binary-expr","locations":[{"start":{"line":125,"column":6},"end":{"line":125,"column":29}},{"start":{"line":125,"column":33},"end":{"line":125,"column":87}},{"start":{"line":125,"column":91},"end":{"line":125,"column":100}}],"line":125},"15":{"loc":{"start":{"line":129,"column":4},"end":{"line":132,"column":5}},"type":"if","locations":[{"start":{"line":129,"column":4},"end":{"line":132,"column":5}},{"start":{},"end":{}}],"line":129},"16":{"loc":{"start":{"line":136,"column":4},"end":{"line":141,"column":5}},"type":"if","locations":[{"start":{"line":136,"column":4},"end":{"line":141,"column":5}},{"start":{},"end":{}}],"line":136},"17":{"loc":{"start":{"line":148,"column":4},"end":{"line":183,"column":5}},"type":"if","locations":[{"start":{"line":148,"column":4},"end":{"line":183,"column":5}},{"start":{},"end":{}}],"line":148},"18":{"loc":{"start":{"line":162,"column":6},"end":{"line":182,"column":7}},"type":"if","locations":[{"start":{"line":162,"column":6},"end":{"line":182,"column":7}},{"start":{},"end":{}}],"line":162},"19":{"loc":{"start":{"line":165,"column":8},"end":{"line":181,"column":9}},"type":"if","locations":[{"start":{"line":165,"column":8},"end":{"line":181,"column":9}},{"start":{},"end":{}}],"line":165},"20":{"loc":{"start":{"line":168,"column":44},"end":{"line":168,"column":105}},"type":"binary-expr","locations":[{"start":{"line":168,"column":44},"end":{"line":168,"column":95}},{"start":{"line":168,"column":99},"end":{"line":168,"column":105}}],"line":168},"21":{"loc":{"start":{"line":172,"column":10},"end":{"line":177,"column":11}},"type":"if","locations":[{"start":{"line":172,"column":10},"end":{"line":177,"column":11}},{"start":{},"end":{}}],"line":172},"22":{"loc":{"start":{"line":190,"column":6},"end":{"line":195,"column":7}},"type":"if","locations":[{"start":{"line":190,"column":6},"end":{"line":195,"column":7}},{"start":{},"end":{}}],"line":190},"23":{"loc":{"start":{"line":224,"column":30},"end":{"line":224,"column":98}},"type":"cond-expr","locations":[{"start":{"line":224,"column":39},"end":{"line":224,"column":91}},{"start":{"line":224,"column":94},"end":{"line":224,"column":98}}],"line":224},"24":{"loc":{"start":{"line":225,"column":35},"end":{"line":225,"column":92}},"type":"cond-expr","locations":[{"start":{"line":225,"column":53},"end":{"line":225,"column":81}},{"start":{"line":225,"column":84},"end":{"line":225,"column":92}}],"line":225},"25":{"loc":{"start":{"line":281,"column":8},"end":{"line":288,"column":9}},"type":"if","locations":[{"start":{"line":281,"column":8},"end":{"line":288,"column":9}},{"start":{},"end":{}}],"line":281},"26":{"loc":{"start":{"line":294,"column":6},"end":{"line":296,"column":7}},"type":"if","locations":[{"start":{"line":294,"column":6},"end":{"line":296,"column":7}},{"start":{},"end":{}}],"line":294},"27":{"loc":{"start":{"line":294,"column":10},"end":{"line":294,"column":48}},"type":"binary-expr","locations":[{"start":{"line":294,"column":10},"end":{"line":294,"column":38}},{"start":{"line":294,"column":42},"end":{"line":294,"column":48}}],"line":294},"28":{"loc":{"start":{"line":305,"column":23},"end":{"line":305,"column":91}},"type":"cond-expr","locations":[{"start":{"line":305,"column":53},"end":{"line":305,"column":67}},{"start":{"line":305,"column":70},"end":{"line":305,"column":91}}],"line":305},"29":{"loc":{"start":{"line":309,"column":18},"end":{"line":309,"column":72}},"type":"cond-expr","locations":[{"start":{"line":309,"column":48},"end":{"line":309,"column":52}},{"start":{"line":309,"column":55},"end":{"line":309,"column":72}}],"line":309},"30":{"loc":{"start":{"line":314,"column":6},"end":{"line":316,"column":7}},"type":"if","locations":[{"start":{"line":314,"column":6},"end":{"line":316,"column":7}},{"start":{},"end":{}}],"line":314},"31":{"loc":{"start":{"line":333,"column":4},"end":{"line":335,"column":5}},"type":"if","locations":[{"start":{"line":333,"column":4},"end":{"line":335,"column":5}},{"start":{},"end":{}}],"line":333},"32":{"loc":{"start":{"line":363,"column":4},"end":{"line":365,"column":5}},"type":"if","locations":[{"start":{"line":363,"column":4},"end":{"line":365,"column":5}},{"start":{},"end":{}}],"line":363},"33":{"loc":{"start":{"line":363,"column":8},"end":{"line":363,"column":47}},"type":"binary-expr","locations":[{"start":{"line":363,"column":8},"end":{"line":363,"column":34}},{"start":{"line":363,"column":38},"end":{"line":363,"column":47}}],"line":363},"34":{"loc":{"start":{"line":372,"column":6},"end":{"line":385,"column":7}},"type":"if","locations":[{"start":{"line":372,"column":6},"end":{"line":385,"column":7}},{"start":{},"end":{}}],"line":372},"35":{"loc":{"start":{"line":377,"column":21},"end":{"line":377,"column":53}},"type":"binary-expr","locations":[{"start":{"line":377,"column":21},"end":{"line":377,"column":40}},{"start":{"line":377,"column":44},"end":{"line":377,"column":53}}],"line":377}},"s":{"0":2,"1":2,"2":2,"3":2,"4":2,"5":2,"6":2,"7":2,"8":2,"9":2,"10":2,"11":2,"12":2,"13":2,"14":32,"15":36,"16":36,"17":7,"18":7,"19":29,"20":29,"21":0,"22":29,"23":29,"24":29,"25":1,"26":1,"27":28,"28":28,"29":9,"30":9,"31":19,"32":19,"33":19,"34":19,"35":19,"36":1,"37":1,"38":19,"39":14,"40":19,"41":14,"42":14,"43":14,"44":14,"45":11,"46":14,"47":1,"48":1,"49":13,"50":18,"51":18,"52":18,"53":18,"54":17,"55":1,"56":1,"57":17,"58":17,"59":18,"60":18,"61":18,"62":18,"63":18,"64":17,"65":17,"66":17,"67":17,"68":17,"69":17,"70":17,"71":11,"72":11,"73":11,"74":11,"75":11,"76":11,"77":2,"78":11,"79":2,"80":11,"81":11,"82":7,"83":7,"84":7,"85":2,"86":5,"87":73,"88":73,"89":11,"90":7,"91":1,"92":4,"93":2,"94":2,"95":2,"96":2,"97":1,"98":1,"99":1,"100":1,"101":1,"102":1,"103":5,"104":2,"105":2,"106":14,"107":36,"108":5,"109":0,"110":1,"111":4},"f":{"0":2,"1":32,"2":36,"3":0,"4":1,"5":1,"6":14,"7":11,"8":1,"9":1,"10":73,"11":7,"12":1,"13":4,"14":5,"15":14,"16":36,"17":5,"18":0,"19":1,"20":4},"b":{"0":[2],"1":[32,2],"2":[13],"3":[13],"4":[13],"5":[13],"6":[34],"7":[34],"8":[34],"9":[1,35],"10":[1,35],"11":[1,35],"12":[7,29],"13":[29,27],"14":[29,27,27],"15":[1,28],"16":[9,19],"17":[19,0],"18":[14,5],"19":[14,0],"20":[14,3],"21":[1,13],"22":[17,1],"23":[17,0],"24":[1,16],"25":[2,9],"26":[2,9],"27":[11,2],"28":[0,7],"29":[0,7],"30":[2,5],"31":[11,62],"32":[2,2],"33":[4,2],"34":[1,0],"35":[1,0]},"_coverageSchema":"1a1c01bbd47fc00a2c39e90264f33305004495a9","hash":"3b45ecb3b737a28fd0e3bf07259ad8eaa7471824"}
}
