{
  "/Users/athenasees/Desktop/chat/chat-server/auth.js": {
    "path": "/Users/athenasees/Desktop/chat/chat-server/auth.js",
    "statementMap": {
      "0": { "start": { "line": 12, "column": 4 }, "end": { "line": 12, "column": 27 } },
      "1": { "start": { "line": 14, "column": 68 }, "end": { "line": 14, "column": 90 } },
      "2": { "start": { "line": 15, "column": 54 }, "end": { "line": 15, "column": 86 } },
      "3": { "start": { "line": 21, "column": 4 }, "end": { "line": 21, "column": 34 } },
      "4": { "start": { "line": 22, "column": 53 }, "end": { "line": 22, "column": 76 } },
      "5": { "start": { "line": 27, "column": 4 }, "end": { "line": 27, "column": 29 } },
      "6": { "start": { "line": 28, "column": 58 }, "end": { "line": 28, "column": 83 } },
      "7": { "start": { "line": 30, "column": 0 }, "end": { "line": 66, "column": 2 } }
    },
    "fnMap": {},
    "branchMap": {},
    "s": { "0": 4, "1": 4, "2": 4, "3": 4, "4": 4, "5": 4, "6": 4, "7": 4 },
    "f": {},
    "b": {},
    "_coverageSchema": "1a1c01bbd47fc00a2c39e90264f33305004495a9",
    "hash": "46b18ccb6e45a0052e06ae4a4b27db022cd9ccbf"
  },
  "/Users/athenasees/Desktop/chat/chat-server/middleware/auth.js": {
    "path": "/Users/athenasees/Desktop/chat/chat-server/middleware/auth.js",
    "statementMap": {
      "0": { "start": { "line": 8, "column": 12 }, "end": { "line": 8, "column": 35 } },
      "1": { "start": { "line": 11, "column": 19 }, "end": { "line": 11, "column": 41 } },
      "2": { "start": { "line": 13, "column": 0 }, "end": { "line": 15, "column": 1 } },
      "3": { "start": { "line": 14, "column": 2 }, "end": { "line": 14, "column": 65 } },
      "4": { "start": { "line": 17, "column": 0 }, "end": { "line": 19, "column": 1 } },
      "5": { "start": { "line": 18, "column": 2 }, "end": { "line": 18, "column": 68 } },
      "6": { "start": { "line": 30, "column": 2 }, "end": { "line": 64, "column": 3 } },
      "7": { "start": { "line": 33, "column": 6 }, "end": { "line": 34, "column": 85 } },
      "8": { "start": { "line": 36, "column": 4 }, "end": { "line": 38, "column": 5 } },
      "9": { "start": { "line": 37, "column": 6 }, "end": { "line": 37, "column": 72 } },
      "10": { "start": { "line": 41, "column": 20 }, "end": { "line": 41, "column": 49 } },
      "11": { "start": { "line": 46, "column": 19 }, "end": { "line": 46, "column": 47 } },
      "12": { "start": { "line": 47, "column": 4 }, "end": { "line": 51, "column": 6 } },
      "13": { "start": { "line": 53, "column": 4 }, "end": { "line": 53, "column": 11 } },
      "14": { "start": { "line": 56, "column": 4 }, "end": { "line": 58, "column": 5 } },
      "15": { "start": { "line": 57, "column": 6 }, "end": { "line": 57, "column": 62 } },
      "16": { "start": { "line": 59, "column": 4 }, "end": { "line": 61, "column": 5 } },
      "17": { "start": { "line": 60, "column": 6 }, "end": { "line": 60, "column": 62 } },
      "18": { "start": { "line": 63, "column": 4 }, "end": { "line": 63, "column": 71 } },
      "19": { "start": { "line": 73, "column": 2 }, "end": { "line": 99, "column": 3 } },
      "20": { "start": { "line": 76, "column": 6 }, "end": { "line": 77, "column": 85 } },
      "21": { "start": { "line": 79, "column": 4 }, "end": { "line": 93, "column": 5 } },
      "22": { "start": { "line": 80, "column": 6 }, "end": { "line": 92, "column": 7 } },
      "23": { "start": { "line": 81, "column": 24 }, "end": { "line": 81, "column": 53 } },
      "24": { "start": { "line": 83, "column": 23 }, "end": { "line": 83, "column": 51 } },
      "25": { "start": { "line": 84, "column": 8 }, "end": { "line": 88, "column": 10 } },
      "26": { "start": { "line": 91, "column": 8 }, "end": { "line": 91, "column": 29 } },
      "27": { "start": { "line": 95, "column": 4 }, "end": { "line": 95, "column": 11 } },
      "28": { "start": { "line": 98, "column": 4 }, "end": { "line": 98, "column": 11 } },
      "29": { "start": { "line": 111, "column": 18 }, "end": { "line": 115, "column": 3 } },
      "30": { "start": { "line": 118, "column": 2 }, "end": { "line": 120, "column": 3 } },
      "31": { "start": { "line": 119, "column": 4 }, "end": { "line": 119, "column": 37 } },
      "32": { "start": { "line": 122, "column": 2 }, "end": { "line": 122, "column": 54 } },
      "33": { "start": { "line": 132, "column": 2 }, "end": { "line": 137, "column": 5 } },
      "34": { "start": { "line": 145, "column": 2 }, "end": { "line": 149, "column": 5 } },
      "35": { "start": { "line": 152, "column": 0 }, "end": { "line": 160, "column": 2 } }
    },
    "fnMap": {
      "0": {
        "name": "authenticate",
        "decl": { "start": { "line": 29, "column": 9 }, "end": { "line": 29, "column": 21 } },
        "loc": { "start": { "line": 29, "column": 38 }, "end": { "line": 65, "column": 1 } },
        "line": 29
      },
      "1": {
        "name": "optionalAuth",
        "decl": { "start": { "line": 72, "column": 9 }, "end": { "line": 72, "column": 21 } },
        "loc": { "start": { "line": 72, "column": 38 }, "end": { "line": 100, "column": 1 } },
        "line": 72
      },
      "2": {
        "name": "generateToken",
        "decl": { "start": { "line": 108, "column": 9 }, "end": { "line": 108, "column": 22 } },
        "loc": { "start": { "line": 108, "column": 48 }, "end": { "line": 123, "column": 1 } },
        "line": 108
      },
      "3": {
        "name": "setAuthCookie",
        "decl": { "start": { "line": 131, "column": 9 }, "end": { "line": 131, "column": 22 } },
        "loc": { "start": { "line": 131, "column": 52 }, "end": { "line": 138, "column": 1 } },
        "line": 131
      },
      "4": {
        "name": "clearAuthCookie",
        "decl": { "start": { "line": 144, "column": 9 }, "end": { "line": 144, "column": 24 } },
        "loc": { "start": { "line": 144, "column": 30 }, "end": { "line": 150, "column": 1 } },
        "line": 144
      }
    },
    "branchMap": {
      "0": {
        "loc": { "start": { "line": 13, "column": 0 }, "end": { "line": 15, "column": 1 } },
        "type": "if",
        "locations": [
          { "start": { "line": 13, "column": 0 }, "end": { "line": 15, "column": 1 } },
          { "start": {}, "end": {} }
        ],
        "line": 13
      },
      "1": {
        "loc": { "start": { "line": 17, "column": 0 }, "end": { "line": 19, "column": 1 } },
        "type": "if",
        "locations": [
          { "start": { "line": 17, "column": 0 }, "end": { "line": 19, "column": 1 } },
          { "start": {}, "end": {} }
        ],
        "line": 17
      },
      "2": {
        "loc": { "start": { "line": 33, "column": 6 }, "end": { "line": 34, "column": 85 } },
        "type": "binary-expr",
        "locations": [
          { "start": { "line": 33, "column": 6 }, "end": { "line": 33, "column": 28 } },
          { "start": { "line": 34, "column": 7 }, "end": { "line": 34, "column": 32 } },
          { "start": { "line": 34, "column": 36 }, "end": { "line": 34, "column": 84 } }
        ],
        "line": 33
      },
      "3": {
        "loc": { "start": { "line": 36, "column": 4 }, "end": { "line": 38, "column": 5 } },
        "type": "if",
        "locations": [
          { "start": { "line": 36, "column": 4 }, "end": { "line": 38, "column": 5 } },
          { "start": {}, "end": {} }
        ],
        "line": 36
      },
      "4": {
        "loc": { "start": { "line": 46, "column": 19 }, "end": { "line": 46, "column": 47 } },
        "type": "binary-expr",
        "locations": [
          { "start": { "line": 46, "column": 19 }, "end": { "line": 46, "column": 33 } },
          { "start": { "line": 46, "column": 37 }, "end": { "line": 46, "column": 47 } }
        ],
        "line": 46
      },
      "5": {
        "loc": { "start": { "line": 56, "column": 4 }, "end": { "line": 58, "column": 5 } },
        "type": "if",
        "locations": [
          { "start": { "line": 56, "column": 4 }, "end": { "line": 58, "column": 5 } },
          { "start": {}, "end": {} }
        ],
        "line": 56
      },
      "6": {
        "loc": { "start": { "line": 59, "column": 4 }, "end": { "line": 61, "column": 5 } },
        "type": "if",
        "locations": [
          { "start": { "line": 59, "column": 4 }, "end": { "line": 61, "column": 5 } },
          { "start": {}, "end": {} }
        ],
        "line": 59
      },
      "7": {
        "loc": { "start": { "line": 76, "column": 6 }, "end": { "line": 77, "column": 85 } },
        "type": "binary-expr",
        "locations": [
          { "start": { "line": 76, "column": 6 }, "end": { "line": 76, "column": 28 } },
          { "start": { "line": 77, "column": 7 }, "end": { "line": 77, "column": 32 } },
          { "start": { "line": 77, "column": 36 }, "end": { "line": 77, "column": 84 } }
        ],
        "line": 76
      },
      "8": {
        "loc": { "start": { "line": 79, "column": 4 }, "end": { "line": 93, "column": 5 } },
        "type": "if",
        "locations": [
          { "start": { "line": 79, "column": 4 }, "end": { "line": 93, "column": 5 } },
          { "start": {}, "end": {} }
        ],
        "line": 79
      },
      "9": {
        "loc": { "start": { "line": 83, "column": 23 }, "end": { "line": 83, "column": 51 } },
        "type": "binary-expr",
        "locations": [
          { "start": { "line": 83, "column": 23 }, "end": { "line": 83, "column": 37 } },
          { "start": { "line": 83, "column": 41 }, "end": { "line": 83, "column": 51 } }
        ],
        "line": 83
      },
      "10": {
        "loc": { "start": { "line": 108, "column": 29 }, "end": { "line": 108, "column": 46 } },
        "type": "default-arg",
        "locations": [
          { "start": { "line": 108, "column": 41 }, "end": { "line": 108, "column": 46 } }
        ],
        "line": 108
      },
      "11": {
        "loc": { "start": { "line": 118, "column": 2 }, "end": { "line": 120, "column": 3 } },
        "type": "if",
        "locations": [
          { "start": { "line": 118, "column": 2 }, "end": { "line": 120, "column": 3 } },
          { "start": {}, "end": {} }
        ],
        "line": 118
      },
      "12": {
        "loc": { "start": { "line": 131, "column": 35 }, "end": { "line": 131, "column": 50 } },
        "type": "default-arg",
        "locations": [
          { "start": { "line": 131, "column": 48 }, "end": { "line": 131, "column": 50 } }
        ],
        "line": 131
      }
    },
    "s": {
      "0": 8,
      "1": 8,
      "2": 8,
      "3": 0,
      "4": 8,
      "5": 0,
      "6": 13,
      "7": 13,
      "8": 13,
      "9": 6,
      "10": 7,
      "11": 3,
      "12": 3,
      "13": 3,
      "14": 4,
      "15": 4,
      "16": 0,
      "17": 0,
      "18": 0,
      "19": 3,
      "20": 3,
      "21": 3,
      "22": 2,
      "23": 2,
      "24": 1,
      "25": 1,
      "26": 1,
      "27": 3,
      "28": 0,
      "29": 9,
      "30": 9,
      "31": 9,
      "32": 9,
      "33": 0,
      "34": 0,
      "35": 8
    },
    "f": { "0": 13, "1": 3, "2": 9, "3": 0, "4": 0 },
    "b": {
      "0": [0, 8],
      "1": [0, 8],
      "2": [13, 12, 6],
      "3": [6, 7],
      "4": [3, 0],
      "5": [4, 0],
      "6": [0, 0],
      "7": [3, 3, 2],
      "8": [2, 1],
      "9": [1, 0],
      "10": [8],
      "11": [9, 0],
      "12": [0]
    },
    "_coverageSchema": "1a1c01bbd47fc00a2c39e90264f33305004495a9",
    "hash": "704ab258cbd25ab1a3edf326fddca73dd92b9c37"
  },
  "/Users/athenasees/Desktop/chat/chat-server/routes/auth.js": {
    "path": "/Users/athenasees/Desktop/chat/chat-server/routes/auth.js",
    "statementMap": {
      "0": { "start": { "line": 4, "column": 16 }, "end": { "line": 4, "column": 34 } },
      "1": { "start": { "line": 5, "column": 15 }, "end": { "line": 5, "column": 31 } },
      "2": { "start": { "line": 7, "column": 33 }, "end": { "line": 7, "column": 65 } },
      "3": { "start": { "line": 9, "column": 21 }, "end": { "line": 9, "column": 45 } },
      "4": { "start": { "line": 10, "column": 20 }, "end": { "line": 10, "column": 43 } },
      "5": { "start": { "line": 11, "column": 20 }, "end": { "line": 11, "column": 43 } },
      "6": { "start": { "line": 12, "column": 23 }, "end": { "line": 12, "column": 49 } },
      "7": { "start": { "line": 13, "column": 27 }, "end": { "line": 13, "column": 57 } },
      "8": { "start": { "line": 18, "column": 0 }, "end": { "line": 18, "column": 33 } },
      "9": { "start": { "line": 20, "column": 0 }, "end": { "line": 20, "column": 30 } },
      "10": { "start": { "line": 21, "column": 0 }, "end": { "line": 21, "column": 29 } },
      "11": { "start": { "line": 22, "column": 0 }, "end": { "line": 22, "column": 29 } },
      "12": { "start": { "line": 23, "column": 0 }, "end": { "line": 23, "column": 32 } },
      "13": { "start": { "line": 24, "column": 0 }, "end": { "line": 24, "column": 36 } },
      "14": { "start": { "line": 26, "column": 0 }, "end": { "line": 26, "column": 24 } }
    },
    "fnMap": {},
    "branchMap": {},
    "s": {
      "0": 0,
      "1": 0,
      "2": 0,
      "3": 0,
      "4": 0,
      "5": 0,
      "6": 0,
      "7": 0,
      "8": 0,
      "9": 0,
      "10": 0,
      "11": 0,
      "12": 0,
      "13": 0,
      "14": 0
    },
    "f": {},
    "b": {}
  }
}
