TN:
SF:src/core/core/client.js
FN:27,getClient
FN:53,isConfigured
FN:62,checkRateLimit
FN:86,createChatCompletion
FN:128,getRateLimitStats
FNF:5
FNH:5
FNDA:105,getClient
FNDA:9,isConfigured
FNDA:100,checkRateLimit
FNDA:101,createChatCompletion
FNDA:9,getRateLimitStats
DA:8,52
DA:11,52
DA:13,52
DA:16,52
DA:28,105
DA:29,34
DA:31,34
DA:32,1
DA:33,1
DA:36,33
DA:37,33
DA:43,33
DA:46,104
DA:54,9
DA:55,9
DA:63,100
DA:66,100
DA:67,1
DA:68,1
DA:72,100
DA:73,1
DA:74,1
DA:77,99
DA:78,99
DA:87,101
DA:89,101
DA:90,1
DA:94,100
DA:95,1
DA:98,99
DA:99,99
DA:100,99
DA:101,84
DA:103,84
DA:107,84
DA:109,15
DA:112,15
DA:113,2
DA:114,13
DA:115,2
DA:116,11
DA:117,4
DA:119,7
DA:129,9
DA:140,52
LF:45
LH:45
BRDA:28,0,0,34
BRDA:28,0,1,71
BRDA:29,1,0,34
BRDA:29,1,1,1
BRDA:31,2,0,1
BRDA:31,2,1,33
BRDA:31,3,0,34
BRDA:31,3,1,33
BRDA:54,4,0,9
BRDA:54,4,1,5
BRDA:55,5,0,9
BRDA:55,5,1,4
BRDA:66,6,0,1
BRDA:66,6,1,99
BRDA:72,7,0,1
BRDA:72,7,1,99
BRDA:89,8,0,1
BRDA:89,8,1,100
BRDA:94,9,0,1
BRDA:94,9,1,99
BRDA:104,10,0,84
BRDA:104,10,1,5
BRDA:112,11,0,2
BRDA:112,11,1,13
BRDA:114,12,0,2
BRDA:114,12,1,11
BRDA:116,13,0,4
BRDA:116,13,1,7
BRF:28
BRH:28
end_of_record
TN:
SF:src/core/core/mediator.js
FN:50,createConversationContext
FN:70,(anonymous_1)
FN:97,(anonymous_2)
FN:125,(anonymous_3)
FN:149,(anonymous_4)
FN:149,(anonymous_5)
FN:152,(anonymous_6)
FN:168,(anonymous_7)
FN:191,(anonymous_8)
FN:191,(anonymous_9)
FN:326,(anonymous_10)
FN:341,(anonymous_11)
FN:351,(anonymous_12)
FN:362,(anonymous_13)
FN:398,(anonymous_14)
FN:422,(anonymous_15)
FN:423,(anonymous_16)
FN:424,(anonymous_17)
FN:425,(anonymous_18)
FN:426,(anonymous_19)
FN:427,(anonymous_20)
FNF:21
FNH:19
FNDA:2,createConversationContext
FNDA:32,(anonymous_1)
FNDA:36,(anonymous_2)
FNDA:0,(anonymous_3)
FNDA:1,(anonymous_4)
FNDA:1,(anonymous_5)
FNDA:14,(anonymous_6)
FNDA:11,(anonymous_7)
FNDA:1,(anonymous_8)
FNDA:1,(anonymous_9)
FNDA:73,(anonymous_10)
FNDA:7,(anonymous_11)
FNDA:1,(anonymous_12)
FNDA:4,(anonymous_13)
FNDA:5,(anonymous_14)
FNDA:14,(anonymous_15)
FNDA:36,(anonymous_16)
FNDA:5,(anonymous_17)
FNDA:0,(anonymous_18)
FNDA:1,(anonymous_19)
FNDA:4,(anonymous_20)
DA:30,2
DA:31,2
DA:32,2
DA:33,2
DA:34,2
DA:37,2
DA:38,2
DA:39,2
DA:40,2
DA:41,2
DA:42,2
DA:43,2
DA:44,2
DA:51,2
DA:72,32
DA:108,36
DA:117,36
DA:118,7
DA:119,7
DA:123,29
DA:125,29
DA:126,29
DA:127,29
DA:129,29
DA:130,1
DA:131,1
DA:135,28
DA:136,28
DA:137,9
DA:140,9
DA:144,19
DA:145,19
DA:146,19
DA:148,19
DA:149,19
DA:151,19
DA:153,14
DA:162,19
DA:163,14
DA:165,14
DA:166,14
DA:167,14
DA:168,11
DA:172,14
DA:173,1
DA:176,1
DA:179,13
DA:185,18
DA:186,18
DA:189,18
DA:190,18
DA:191,17
DA:193,17
DA:194,17
DA:198,18
DA:199,18
DA:200,18
DA:201,18
DA:204,18
DA:217,17
DA:221,17
DA:224,17
DA:225,17
DA:226,17
DA:229,17
DA:252,17
DA:262,11
DA:263,11
DA:266,11
DA:279,11
DA:280,11
DA:281,11
DA:282,2
DA:294,11
DA:295,2
DA:299,11
DA:301,11
DA:304,7
DA:312,7
DA:314,7
DA:315,2
DA:319,5
DA:327,73
DA:333,73
DA:334,11
DA:342,7
DA:352,1
DA:363,4
DA:364,2
DA:367,2
DA:368,2
DA:370,2
DA:372,1
DA:373,1
DA:387,1
DA:388,1
DA:390,1
DA:391,1
DA:399,5
DA:414,2
DA:417,2
DA:422,14
DA:423,36
DA:424,5
DA:425,0
DA:426,1
DA:427,4
LF:107
LH:106
BRDA:70,0,0,2
BRDA:72,1,0,32
BRDA:72,1,1,2
BRDA:100,2,0,13
BRDA:101,3,0,13
BRDA:102,4,0,13
BRDA:103,5,0,13
BRDA:104,6,0,34
BRDA:105,7,0,34
BRDA:106,8,0,34
BRDA:111,9,0,1
BRDA:111,9,1,35
BRDA:112,10,0,1
BRDA:112,10,1,35
BRDA:113,11,0,1
BRDA:113,11,1,35
BRDA:117,12,0,7
BRDA:117,12,1,29
BRDA:123,13,0,29
BRDA:123,13,1,27
BRDA:125,14,0,29
BRDA:125,14,1,27
BRDA:125,14,2,27
BRDA:129,15,0,1
BRDA:129,15,1,28
BRDA:136,16,0,9
BRDA:136,16,1,19
BRDA:148,17,0,19
BRDA:148,17,1,0
BRDA:162,18,0,14
BRDA:162,18,1,5
BRDA:165,19,0,14
BRDA:165,19,1,0
BRDA:168,20,0,14
BRDA:168,20,1,3
BRDA:172,21,0,1
BRDA:172,21,1,13
BRDA:190,22,0,17
BRDA:190,22,1,1
BRDA:224,23,0,17
BRDA:224,23,1,0
BRDA:225,24,0,1
BRDA:225,24,1,16
BRDA:281,25,0,2
BRDA:281,25,1,9
BRDA:294,26,0,2
BRDA:294,26,1,9
BRDA:294,27,0,11
BRDA:294,27,1,2
BRDA:305,28,0,0
BRDA:305,28,1,7
BRDA:309,29,0,0
BRDA:309,29,1,7
BRDA:314,30,0,2
BRDA:314,30,1,5
BRDA:333,31,0,11
BRDA:333,31,1,62
BRDA:363,32,0,2
BRDA:363,32,1,2
BRDA:363,33,0,4
BRDA:363,33,1,2
BRDA:372,34,0,1
BRDA:372,34,1,0
BRDA:377,35,0,1
BRDA:377,35,1,0
BRF:65
BRH:58
end_of_record
