TN:
SF:auth.js
FNF:0
FNH:0
DA:12,2
DA:14,2
DA:15,2
DA:21,2
DA:22,2
DA:27,2
DA:28,2
DA:30,2
LF:8
LH:8
BRF:0
BRH:0
end_of_record
TN:
SF:middleware/auth.js
FN:29,authenticate
FN:72,optionalAuth
FN:108,generateToken
FN:127,setAuthCookie
FN:140,clearAuthCookie
FNF:5
FNH:3
FNDA:13,authenticate
FNDA:3,optionalAuth
FNDA:9,generateToken
FNDA:0,setAuthCookie
FNDA:0,clearAuthCookie
DA:8,7
DA:11,7
DA:13,7
DA:14,0
DA:17,7
DA:18,0
DA:30,13
DA:33,13
DA:36,13
DA:37,6
DA:41,7
DA:46,3
DA:47,3
DA:53,3
DA:56,4
DA:57,4
DA:59,0
DA:60,0
DA:63,0
DA:73,3
DA:76,3
DA:79,3
DA:80,2
DA:81,2
DA:83,1
DA:84,1
DA:91,1
DA:95,3
DA:98,0
DA:109,9
DA:128,0
DA:141,0
DA:148,7
LF:33
LH:25
BRDA:13,0,0,0
BRDA:13,0,1,7
BRDA:17,1,0,0
BRDA:17,1,1,7
BRDA:33,2,0,13
BRDA:33,2,1,12
BRDA:33,2,2,6
BRDA:36,3,0,6
BRDA:36,3,1,7
BRDA:46,4,0,3
BRDA:46,4,1,0
BRDA:56,5,0,4
BRDA:56,5,1,0
BRDA:59,6,0,0
BRDA:59,6,1,0
BRDA:76,7,0,3
BRDA:76,7,1,3
BRDA:76,7,2,2
BRDA:79,8,0,2
BRDA:79,8,1,1
BRDA:83,9,0,1
BRDA:83,9,1,0
BRDA:108,10,0,8
BRDA:127,11,0,0
BRF:24
BRH:16
end_of_record
TN:
SF:routes/auth.js
FNF:0
FNH:0
DA:4,0
DA:5,0
DA:7,0
DA:8,0
DA:9,0
DA:10,0
DA:11,0
DA:13,0
DA:14,0
DA:15,0
DA:16,0
DA:17,0
DA:19,0
LF:13
LH:0
BRF:0
BRH:0
end_of_record
